# JRE version: OpenJDK Runtime Environment Temurin-22.0.1+8 (22.0.1+8) (build 22.0.1+8)
# Java VM: OpenJDK 64-Bit Server VM Temurin-22.0.1+8 (22.0.1+8, mixed mode, tiered, compressed oops, compressed class ptrs, g1 gc, windows-amd64)
GC Precious Log:
 CardTable entry size: 512
 Card Set container configuration: InlinePtr #cards 4 size 8 Array Of Cards #cards 16 size 48 Howl #buckets 8 coarsen threshold 3686 Howl Bitmap #cards 512 size 80 coarsen threshold 460 Card regions per heap region 1 cards per card region 4096
 CPUs: 12 total, 12 available
 Memory: 16099M
 Large Page Support: Disabled
 NUMA Support: Disabled
 Compressed Oops: Enabled (Zero based)
 Heap Region Size: 2M
 Heap Min Capacity: 8M
 Heap Initial Capacity: 252M
 Heap Max Capacity: 4026M
 Pre-touch: Disabled
 Parallel Workers: 10
 Concurrent Workers: 3
 Concurrent Refinement Workers: 10
 Periodic GC: Disabled
Heap:
 garbage-first heap   total reserved 4122624K, committed 98304K, used 68782K [0x0000000704600000, 0x0000000800000000)
  region size 2048K, 21 young (43008K), 3 survivors (6144K)
 Metaspace       used 92256K, committed 93184K, reserved 1179648K
  class space    used 11521K, committed 11968K, reserved 1048576K
GC Heap History (20 events):
Event: 438.095 GC heap before
{Heap before GC invocations=38 (full 7):
 garbage-first heap   total reserved 4122624K, committed 98304K, used 72575K [0x0000000704600000, 0x0000000800000000)
  region size 2048K, 22 young (45056K), 2 survivors (4096K)
 Metaspace       used 90635K, committed 91520K, reserved 1179648K
  class space    used 11428K, committed 11840K, reserved 1048576K
}
Event: 438.120 GC heap after
{Heap after GC invocations=39 (full 8):
 garbage-first heap   total reserved 4122624K, committed 98304K, used 29769K [0x0000000704600000, 0x0000000800000000)
  region size 2048K, 0 young (0K), 0 survivors (0K)
 Metaspace       used 90617K, committed 91520K, reserved 1179648K
  class space    used 11427K, committed 11840K, reserved 1048576K
}
Event: 438.384 GC heap before
{Heap before GC invocations=39 (full 8):
 garbage-first heap   total reserved 4122624K, committed 98304K, used 80969K [0x0000000704600000, 0x0000000800000000)
  region size 2048K, 26 young (53248K), 0 survivors (0K)
 Metaspace       used 90881K, committed 91712K, reserved 1179648K
  class space    used 11442K, committed 11840K, reserved 1048576K
}
Event: 438.386 GC heap after
{Heap after GC invocations=40 (full 8):
 garbage-first heap   total reserved 4122624K, committed 98304K, used 33865K [0x0000000704600000, 0x0000000800000000)
  region size 2048K, 2 young (4096K), 2 survivors (4096K)
 Metaspace       used 90881K, committed 91712K, reserved 1179648K
  class space    used 11442K, committed 11840K, reserved 1048576K
}
Event: 695.024 GC heap before
{Heap before GC invocations=40 (full 8):
 garbage-first heap   total reserved 4122624K, committed 98304K, used 83017K [0x0000000704600000, 0x0000000800000000)
  region size 2048K, 26 young (53248K), 2 survivors (4096K)
 Metaspace       used 91015K, committed 91840K, reserved 1179648K
  class space    used 11447K, committed 11840K, reserved 1048576K
}
Event: 695.031 GC heap after
{Heap after GC invocations=41 (full 8):
 garbage-first heap   total reserved 4122624K, committed 98304K, used 34439K [0x0000000704600000, 0x0000000800000000)
  region size 2048K, 3 young (6144K), 3 survivors (6144K)
 Metaspace       used 91015K, committed 91840K, reserved 1179648K
  class space    used 11447K, committed 11840K, reserved 1048576K
}
Event: 725.339 GC heap before
{Heap before GC invocations=41 (full 8):
 garbage-first heap   total reserved 4122624K, committed 98304K, used 36487K [0x0000000704600000, 0x0000000800000000)
  region size 2048K, 5 young (10240K), 3 survivors (6144K)
 Metaspace       used 91052K, committed 91968K, reserved 1179648K
  class space    used 11448K, committed 11840K, reserved 1048576K
}
Event: 725.367 GC heap after
{Heap after GC invocations=42 (full 9):
 garbage-first heap   total reserved 4122624K, committed 98304K, used 29996K [0x0000000704600000, 0x0000000800000000)
  region size 2048K, 0 young (0K), 0 survivors (0K)
 Metaspace       used 91034K, committed 91968K, reserved 1179648K
  class space    used 11447K, committed 11840K, reserved 1048576K
}
Event: 725.633 GC heap before
{Heap before GC invocations=42 (full 9):
 garbage-first heap   total reserved 4122624K, committed 98304K, used 83244K [0x0000000704600000, 0x0000000800000000)
  region size 2048K, 27 young (55296K), 0 survivors (0K)
 Metaspace       used 91328K, committed 92224K, reserved 1179648K
  class space    used 11465K, committed 11904K, reserved 1048576K
}
Event: 725.635 GC heap after
{Heap after GC invocations=43 (full 9):
 garbage-first heap   total reserved 4122624K, committed 98304K, used 34232K [0x0000000704600000, 0x0000000800000000)
  region size 2048K, 3 young (6144K), 3 survivors (6144K)
 Metaspace       used 91328K, committed 92224K, reserved 1179648K
  class space    used 11465K, committed 11904K, reserved 1048576K
}
Event: 756.624 GC heap before
{Heap before GC invocations=43 (full 9):
 garbage-first heap   total reserved 4122624K, committed 98304K, used 71096K [0x0000000704600000, 0x0000000800000000)
  region size 2048K, 22 young (45056K), 3 survivors (6144K)
 Metaspace       used 91409K, committed 92352K, reserved 1179648K
  class space    used 11472K, committed 11904K, reserved 1048576K
}
Event: 756.650 GC heap after
{Heap after GC invocations=44 (full 10):
 garbage-first heap   total reserved 4122624K, committed 98304K, used 30202K [0x0000000704600000, 0x0000000800000000)
  region size 2048K, 0 young (0K), 0 survivors (0K)
 Metaspace       used 91390K, committed 92352K, reserved 1179648K
  class space    used 11471K, committed 11904K, reserved 1048576K
}
Event: 756.907 GC heap before
{Heap before GC invocations=44 (full 10):
 garbage-first heap   total reserved 4122624K, committed 98304K, used 81402K [0x0000000704600000, 0x0000000800000000)
  region size 2048K, 26 young (53248K), 0 survivors (0K)
 Metaspace       used 91614K, committed 92544K, reserved 1179648K
  class space    used 11485K, committed 11904K, reserved 1048576K
}
Event: 756.909 GC heap after
{Heap after GC invocations=45 (full 10):
 garbage-first heap   total reserved 4122624K, committed 98304K, used 34298K [0x0000000704600000, 0x0000000800000000)
  region size 2048K, 2 young (4096K), 2 survivors (4096K)
 Metaspace       used 91614K, committed 92544K, reserved 1179648K
  class space    used 11485K, committed 11904K, reserved 1048576K
}
Event: 769.619 GC heap before
{Heap before GC invocations=45 (full 10):
 garbage-first heap   total reserved 4122624K, committed 98304K, used 73210K [0x0000000704600000, 0x0000000800000000)
  region size 2048K, 22 young (45056K), 2 survivors (4096K)
 Metaspace       used 91743K, committed 92608K, reserved 1179648K
  class space    used 11490K, committed 11904K, reserved 1048576K
}
Event: 769.646 GC heap after
{Heap after GC invocations=46 (full 11):
 garbage-first heap   total reserved 4122624K, committed 98304K, used 30472K [0x0000000704600000, 0x0000000800000000)
  region size 2048K, 0 young (0K), 0 survivors (0K)
 Metaspace       used 91724K, committed 92608K, reserved 1179648K
  class space    used 11489K, committed 11904K, reserved 1048576K
}
Event: 785.540 GC heap before
{Heap before GC invocations=46 (full 11):
 garbage-first heap   total reserved 4122624K, committed 98304K, used 79624K [0x0000000704600000, 0x0000000800000000)
  region size 2048K, 25 young (51200K), 0 survivors (0K)
 Metaspace       used 92022K, committed 92992K, reserved 1179648K
  class space    used 11508K, committed 11968K, reserved 1048576K
}
Event: 785.543 GC heap after
{Heap after GC invocations=47 (full 11):
 garbage-first heap   total reserved 4122624K, committed 98304K, used 34435K [0x0000000704600000, 0x0000000800000000)
  region size 2048K, 2 young (4096K), 2 survivors (4096K)
 Metaspace       used 92022K, committed 92992K, reserved 1179648K
  class space    used 11508K, committed 11968K, reserved 1048576K
}
Event: 797.390 GC heap before
{Heap before GC invocations=47 (full 11):
 garbage-first heap   total reserved 4122624K, committed 98304K, used 81539K [0x0000000704600000, 0x0000000800000000)
  region size 2048K, 25 young (51200K), 2 survivors (4096K)
 Metaspace       used 92090K, committed 93056K, reserved 1179648K
  class space    used 11515K, committed 11968K, reserved 1048576K
}
Event: 797.392 GC heap after
{Heap after GC invocations=48 (full 11):
 garbage-first heap   total reserved 4122624K, committed 98304K, used 36014K [0x0000000704600000, 0x0000000800000000)
  region size 2048K, 3 young (6144K), 3 survivors (6144K)
 Metaspace       used 92090K, committed 93056K, reserved 1179648K
  class space    used 11515K, committed 11968K, reserved 1048576K
}

